{"at":"2025-08-11T13:02","apiKeyMasked":"****NJbo","clientIp":"::1","jobId":"6e555717-d937-46db-bff4-17297f4fa688","fileName":"document-1754917340135.pdf","status":"done","durationMs":743,"htmlBytes":11,"pdfBytes":6602}
{"at":"2025-08-11T13:02","apiKeyMasked":"****NJbo","clientIp":"::1","jobId":"8783c0d0-c46f-4fff-abb3-0d00dfac3eae","fileName":"document-1754917340124.pdf","status":"done","durationMs":754,"htmlBytes":11,"pdfBytes":6602}
{"at":"2025-08-11T13:09","apiKeyMasked":"****_key","clientIp":"::1","jobId":"c94debb1-9a08-45f6-ae90-870fb6b1d06e","fileName":"document-1754917785429.pdf","status":"done","durationMs":813,"htmlBytes":80707,"pdfBytes":58941}
{"at":"2025-08-11T13:10","apiKeyMasked":"****_key","clientIp":"::1","jobId":"982dd10f-27db-4a20-acd1-10682e89d2f2","fileName":"document-1754917822124.pdf","status":"done","durationMs":570,"htmlBytes":80707,"pdfBytes":58941}
{"at":"2025-08-11T13:23","apiKeyMasked":"****_key","clientIp":"::1","jobId":"b3740462-bc81-4c7a-b283-e874e380915f","fileName":"document-1754918608373.pdf","status":"done","durationMs":655,"htmlBytes":80707,"pdfBytes":58941}
{"at":"2025-08-11T13:32","apiKeyMasked":"****_key","clientIp":"::1","jobId":"f056ad6c-ca27-4ef1-9317-33d969df5aa0","fileName":"document-1754919163527.pdf","status":"done","durationMs":566,"htmlBytes":80525,"pdfBytes":58941}
{"at":"2025-08-11T13:33","apiKeyMasked":"****_key","clientIp":"::1","jobId":"0656f71a-dda4-4e50-aa40-f8915ced40bd","fileName":"document-1754919194425.pdf","status":"done","durationMs":566,"htmlBytes":63438,"pdfBytes":50378}
{"at":"2025-08-11T13:38","apiKeyMasked":"****_key","clientIp":"::1","jobId":"fccded4c-778f-4afe-bc49-f7b6e5a9a4ce","fileName":"document-1754919504650.pdf","status":"done","durationMs":557,"htmlBytes":63438,"pdfBytes":50378}
{"at":"2025-08-11T14:35","apiKeyMasked":"****RBtP","clientIp":"::1","jobId":"6613f9f8-b574-4e0d-b91a-145c9c71f0e8","fileName":"document-1754922926254.pdf","status":"done","durationMs":970,"htmlBytes":80525,"pdfBytes":58941}
{"at":"2025-08-11T18:11","apiKeyMasked":"****W0Z_","clientIp":"::1","jobId":"880f6790-d424-4fd1-8967-e0ecdaf81ac8","fileName":"document-1754935884604.pdf","status":"done","durationMs":750,"htmlBytes":80525,"pdfBytes":58941}
{"at":"2025-08-11T19:55","apiKeyMasked":"****UKgb","clientIp":"::1","jobId":"36d00917-b2c1-441f-bae0-35b434c348ca","fileName":"document-1754942137803.pdf","status":"done","durationMs":11017,"htmlBytes":13556562,"pdfBytes":151632}
{"at":"2025-08-12T07:56","apiKeyMasked":"****UKgb","clientIp":"::1","jobId":"d846de3f-9ad4-4a1c-9ef4-faf8ca4c9d36","fileName":"document-1754985386758.pdf","status":"done","durationMs":974,"htmlBytes":99601,"pdfBytes":105579}
{"at":"2025-08-12T09:04","apiKeyMasked":"****UKgb","clientIp":"::1","jobId":"21a189b2-1f32-47e6-8a0d-ff1a1d11aefe","fileName":"document-1754989452344.pdf","status":"done","durationMs":919,"htmlBytes":99601,"pdfBytes":105579}
{"at":"2025-08-12T09:07","apiKeyMasked":"****UKgb","clientIp":"::1","jobId":"79146958-3398-4781-96d9-097df046eae8","fileName":"document-1754989651163.pdf","status":"done","durationMs":11016,"htmlBytes":13556562,"pdfBytes":151632}
{"at":"2025-08-12T10:32","apiKeyMasked":"****UKgb","clientIp":"::1","jobId":"c54a03af-a77a-4dba-bc21-9b303a8cfc58","fileName":"document-1754994757158.pdf","status":"done","durationMs":750,"htmlBytes":99601,"pdfBytes":105579}
{"at":"2025-08-12T10:36","apiKeyMasked":"****UKgb","clientIp":"::1","jobId":"19fa4d75-3873-4e5e-919e-126ff043efd0","fileName":"document-1754994984400.pdf","status":"done","durationMs":566,"htmlBytes":99601,"pdfBytes":105579}
{"at":"2025-08-12T12:25","apiKeyMasked":"****UKgb","clientIp":"::1","jobId":"9fc4d777-e708-4e98-9268-c91c12340aa0","fileName":"document-1755001517363.pdf","status":"done","durationMs":11004,"htmlBytes":13556562,"pdfBytes":151632}
{"at":"2025-08-12T12:25","apiKeyMasked":"****UKgb","clientIp":"::1","jobId":"b76e391d-f00d-4ce8-8390-3d7ee0174170","fileName":"document-1755001517955.pdf","status":"done","durationMs":11080,"htmlBytes":13556562,"pdfBytes":151632}
{"at":"2025-08-12T12:26","apiKeyMasked":"****UKgb","clientIp":"::1","jobId":"5abac1ee-fc3c-4383-9da5-288c34f82578","fileName":"document-1755001554981.pdf","status":"done","durationMs":10924,"htmlBytes":13556562,"pdfBytes":151632}
{"at":"2025-08-12T12:26","apiKeyMasked":"****UKgb","clientIp":"::1","jobId":"02bf083c-b71c-477d-9db5-ba7d24d1a319","fileName":"document-1755001555682.pdf","status":"done","durationMs":10761,"htmlBytes":13556562,"pdfBytes":151632}
{"at":"2025-08-12T12:37","apiKeyMasked":"****UKgb","clientIp":"::1","jobId":"3729716f-8b92-4e72-8737-2b958ffe44d8","fileName":"document-1755002230106.pdf","status":"done","durationMs":10843,"htmlBytes":13556562,"pdfBytes":151632}
{"at":"2025-08-13T16:12","apiKeyMasked":"****UKgb","clientIp":"::1","jobId":"967ab846-ab1e-418b-bc35-f2545358e685","fileName":"document-1755101559119.pdf","status":"done","durationMs":918,"htmlBytes":179265,"pdfBytes":268394}
{"at":"2025-08-13T16:12","apiKeyMasked":"****UKgb","clientIp":"::1","jobId":"ce09cf1e-1daf-462e-8321-ec9d76f93bd9","fileName":"document-1755101574135.pdf","status":"done","durationMs":591,"htmlBytes":179262,"pdfBytes":268394}
{"at":"2025-08-13T16:13","apiKeyMasked":"****UKgb","clientIp":"::1","jobId":"985cd31d-2380-432f-9706-684eb8b9d367","fileName":"document-1755101631617.pdf","status":"done","durationMs":587,"htmlBytes":179262,"pdfBytes":268394}
{"at":"2025-08-13T16:17","apiKeyMasked":"****UKgb","clientIp":"::1","jobId":"239fb76d-a316-4462-bfcb-2c09b9ccab18","fileName":"document-1755101829083.pdf","status":"done","durationMs":551,"htmlBytes":7,"pdfBytes":6988}
{"at":"2025-08-13T16:17","apiKeyMasked":"****UKgb","clientIp":"::1","jobId":"3983fe7e-d206-46e0-a543-0a2372177e95","fileName":"document-1755101861979.pdf","status":"done","durationMs":682,"htmlBytes":7,"pdfBytes":6988}
{"at":"2025-08-13T16:18","apiKeyMasked":"****UKgb","clientIp":"::1","jobId":"8dceb476-3f5d-4214-82bf-56afb91b0433","fileName":"document-1755101920358.pdf","status":"done","durationMs":556,"htmlBytes":7,"pdfBytes":6988}
{"at":"2025-08-13T16:19","apiKeyMasked":"****UKgb","clientIp":"::1","jobId":"9514f214-f7d6-4f97-96a0-8182e4647818","fileName":"document-1755101974596.pdf","status":"done","durationMs":603,"htmlBytes":306693,"pdfBytes":182936}
{"at":"2025-08-13T16:19","apiKeyMasked":"****UKgb","clientIp":"::1","jobId":"0135d894-a82f-4b83-84ed-82c9f8b50d71","fileName":"document-1755101975489.pdf","status":"done","durationMs":627,"htmlBytes":306693,"pdfBytes":182936}
{"at":"2025-08-13T16:19","apiKeyMasked":"****UKgb","clientIp":"::1","jobId":"bc07c9d6-789a-4cc7-8ad6-264724acf607","fileName":"document-1755101980411.pdf","status":"done","durationMs":591,"htmlBytes":306693,"pdfBytes":182936}
{"at":"2025-08-13T16:25","apiKeyMasked":"****UKgb","clientIp":"::1","jobId":"c2e3b066-db13-49d0-997f-3963adb02bcf","fileName":"document-1755102358598.pdf","status":"done","durationMs":618,"htmlBytes":306693,"pdfBytes":182936}
{"at":"2025-08-13T16:26","apiKeyMasked":"****UKgb","clientIp":"::1","jobId":"c5a06667-c46a-4da8-a5ef-135456c9c558","fileName":"document-1755102359773.pdf","status":"done","durationMs":597,"htmlBytes":306693,"pdfBytes":182936}
{"at":"2025-08-13T16:28","apiKeyMasked":"****UKgb","clientIp":"::1","jobId":"66969f54-2434-41f7-b528-bc01edaf0370","fileName":"document-1755102514373.pdf","status":"done","durationMs":619,"htmlBytes":306693,"pdfBytes":182936}
{"at":"2025-08-13T19:42","apiKeyMasked":"****UKgb","clientIp":"::1","jobId":"d32f1393-d57e-4de4-87e1-157f49334256","fileName":"document-1755114118537.pdf","status":"done","durationMs":1790,"htmlBytes":306693,"pdfBytes":182936}
{"at":"2025-08-13T19:42","apiKeyMasked":"****UKgb","clientIp":"::1","jobId":"e847b776-85bb-465e-a041-d7e973db5bbc","fileName":"document-1755114127559.pdf","status":"done","durationMs":596,"htmlBytes":306693,"pdfBytes":182936}
{"at":"2025-08-13T19:42","apiKeyMasked":"****UKgb","clientIp":"::1","jobId":"6c128e9b-5cc3-4483-84b2-8a980af36cbb","fileName":"document-1755114157094.pdf","status":"done","durationMs":590,"htmlBytes":306693,"pdfBytes":182936}
{"at":"2025-11-13T10:15","apiKeyMasked":"****SA15","clientIp":"::1","jobId":"e51d5d29-9ec5-499b-9bcb-9ee3863615b7","fileName":"document-1763028908850.pdf","status":"done","durationMs":801,"htmlBytes":17067,"pdfBytes":33911}
{"at":"2025-11-13T10:21","apiKeyMasked":"****SA15","clientIp":"::1","jobId":"562a884d-3b5b-4a44-8ea9-cd43a5adb525","fileName":"document-1763029315400.pdf","status":"done","durationMs":722,"htmlBytes":17067,"pdfBytes":33911}
{"at":"2025-11-13T10:22","apiKeyMasked":"****SA15","clientIp":"::1","jobId":"3e1ac11a-ffb5-4559-91fd-0ba7fc6618e2","fileName":"document-1763029339134.pdf","status":"done","durationMs":658,"htmlBytes":17067,"pdfBytes":33911}
{"at":"2025-11-13T10:33","apiKeyMasked":"****SA15","clientIp":"::1","jobId":"f8f96b08-8f0e-4add-922a-aa09f4d32118","fileName":"document-1763029986659.pdf","status":"done","durationMs":783,"htmlBytes":17067,"pdfBytes":33911}
